<?xml version="1.0" encoding="UTF-8"?>
<!-- Generated by org.testng.reporters.JUnitXMLReporter -->
<testsuite ignored="0" hostname="Lav-Gupta.local" failures="1" tests="1" name="Free CRM App Test Cases" time="3.66" errors="0" timestamp="18 Jun 2020 11:46:01 GMT">
  <testcase classname="com.crm.qa.testcases.LoginPageTest" name="loginPageTitleTest" time="0.011">
    <failure type="java.lang.AssertionError" message="expected [#1 Free CRM for Any Business: Online Customer Relationship Software] but found [Free CRM #1 cloud software for any business large or small]">
      <![CDATA[java.lang.AssertionError: expected [#1 Free CRM for Any Business: Online Customer Relationship Software] but found [Free CRM #1 cloud software for any business large or small]
	at com.crm.qa.testcases.LoginPageTest.loginPageTitleTest(LoginPageTest.java:29)
... Removed 31 stack frames]]>
    </failure>
  </testcase> <!-- loginPageTitleTest -->
</testsuite> <!-- Free CRM App Test Cases -->
