<?xml version="1.0" encoding="UTF-8"?>
<!-- Generated by org.testng.reporters.JUnitXMLReporter -->
<testsuite ignored="0" hostname="Lav-Gupta.domain.name" failures="1" tests="2" name="Demo Test Cases(failed)" time="56.279" errors="0" timestamp="24 Jul 2020 17:06:39 GMT">
  <testcase classname="com.qa.testcases.WiproDemo" name="loginIntoApplicationViaEmail" time="32.193">
    <failure type="org.openqa.selenium.StaleElementReferenceException" message="androidx.test.uiautomator.StaleObjectException
For documentation on this error, please visit: http://seleniumhq.org/exceptions/stale_element_reference.html
Build info: version: &amp;apos;3.14.0&amp;apos;, revision: &amp;apos;aacccce0&amp;apos;, time: &amp;apos;2018-08-02T20:19:58.91Z&amp;apos;
System info: host: &amp;apos;Lav-Gupta.domain.name&amp;apos;, ip: &amp;apos;fe80:0:0:0:84e:379a:1815:8b65%en0&amp;apos;, os.name: &amp;apos;Mac OS X&amp;apos;, os.arch: &amp;apos;x86_64&amp;apos;, os.version: &amp;apos;10.15.5&amp;apos;, java.version: &amp;apos;14.0.1&amp;apos;
Driver info: io.appium.java_client.android.AndroidDriver
Capabilities {app: //Users//apple//Downloads//..., appActivity: com.amazon.mShop.home.HomeA..., appPackage: com.amazon.mShop.android.sh..., automationName: uiautomator2, databaseEnabled: false, desired: {app: //Users//apple//Downloads//..., appActivity: com.amazon.mShop.home.HomeA..., appPackage: com.amazon.mShop.android.sh..., automationName: uiautomator2, deviceName: emulator-5554, platformName: android, platformVersion: 11.0}, deviceApiLevel: 30, deviceManufacturer: Google, deviceModel: sdk_gphone_x86, deviceName: emulator-5554, deviceScreenDensity: 440, deviceScreenSize: 1080x2220, deviceUDID: emulator-5554, javascriptEnabled: true, locationContextEnabled: false, networkConnectionEnabled: true, pixelRatio: 2.75, platform: LINUX, platformName: Android, platformVersion: 11, statBarHeight: 66, takesScreenshot: true, viewportRect: {height: 2022, left: 0, top: 66, width: 1080}, warnings: {}, webStorageEnabled: false}
Session ID: b50993e0-e006-410c-9459-8548d78f36ab">
      <![CDATA[org.openqa.selenium.StaleElementReferenceException: androidx.test.uiautomator.StaleObjectException
For documentation on this error, please visit: http://seleniumhq.org/exceptions/stale_element_reference.html
Build info: version: '3.14.0', revision: 'aacccce0', time: '2018-08-02T20:19:58.91Z'
System info: host: 'Lav-Gupta.domain.name', ip: 'fe80:0:0:0:84e:379a:1815:8b65%en0', os.name: 'Mac OS X', os.arch: 'x86_64', os.version: '10.15.5', java.version: '14.0.1'
Driver info: io.appium.java_client.android.AndroidDriver
Capabilities {app: //Users//apple//Downloads//..., appActivity: com.amazon.mShop.home.HomeA..., appPackage: com.amazon.mShop.android.sh..., automationName: uiautomator2, databaseEnabled: false, desired: {app: //Users//apple//Downloads//..., appActivity: com.amazon.mShop.home.HomeA..., appPackage: com.amazon.mShop.android.sh..., automationName: uiautomator2, deviceName: emulator-5554, platformName: android, platformVersion: 11.0}, deviceApiLevel: 30, deviceManufacturer: Google, deviceModel: sdk_gphone_x86, deviceName: emulator-5554, deviceScreenDensity: 440, deviceScreenSize: 1080x2220, deviceUDID: emulator-5554, javascriptEnabled: true, locationContextEnabled: false, networkConnectionEnabled: true, pixelRatio: 2.75, platform: LINUX, platformName: Android, platformVersion: 11, statBarHeight: 66, takesScreenshot: true, viewportRect: {height: 2022, left: 0, top: 66, width: 1080}, warnings: {}, webStorageEnabled: false}
Session ID: b50993e0-e006-410c-9459-8548d78f36ab
	at org.openqa.selenium.remote.http.W3CHttpResponseCodec.createException(W3CHttpResponseCodec.java:187)
	at org.openqa.selenium.remote.http.W3CHttpResponseCodec.decode(W3CHttpResponseCodec.java:122)
	at org.openqa.selenium.remote.http.W3CHttpResponseCodec.decode(W3CHttpResponseCodec.java:49)
	at org.openqa.selenium.remote.HttpCommandExecutor.execute(HttpCommandExecutor.java:158)
	at io.appium.java_client.remote.AppiumCommandExecutor.execute(AppiumCommandExecutor.java:239)
	at org.openqa.selenium.remote.RemoteWebDriver.execute(RemoteWebDriver.java:548)
	at io.appium.java_client.DefaultGenericMobileDriver.execute(DefaultGenericMobileDriver.java:42)
	at io.appium.java_client.AppiumDriver.execute(AppiumDriver.java:1)
	at io.appium.java_client.android.AndroidDriver.execute(AndroidDriver.java:1)
	at org.openqa.selenium.remote.RemoteWebElement.execute(RemoteWebElement.java:276)
	at io.appium.java_client.DefaultGenericMobileElement.execute(DefaultGenericMobileElement.java:45)
	at io.appium.java_client.MobileElement.execute(MobileElement.java:1)
	at io.appium.java_client.android.AndroidElement.execute(AndroidElement.java:1)
	at org.openqa.selenium.remote.RemoteWebElement.sendKeys(RemoteWebElement.java:100)
	at io.appium.java_client.pagefactory.ElementInterceptor.getObject(ElementInterceptor.java:40)
	at io.appium.java_client.pagefactory.interceptors.InterceptorOfASingleElement.intercept(InterceptorOfASingleElement.java:60)
	at io.appium.java_client.android.AndroidElement$$EnhancerByCGLIB$$b598166c.sendKeys(<generated>)
	at com.qa.pages.LoginPage.loginViaEmailAddress(LoginPage.java:136)
	at com.qa.testcases.WiproDemo.loginIntoApplicationViaEmail(WiproDemo.java:31)
... Removed 34 stack frames]]>
    </failure>
  </testcase> <!-- loginIntoApplicationViaEmail -->
  <testcase classname="com.qa.testcases.WiproDemo" name="VerifyDesiredProductDetailsOnCheckoutPage" time="0.0">
    <skipped/>
  </testcase> <!-- VerifyDesiredProductDetailsOnCheckoutPage -->
</testsuite> <!-- Demo Test Cases(failed) -->
