<?xml version="1.0" encoding="UTF-8"?>
<!-- Generated by org.testng.reporters.JUnitXMLReporter -->
<testsuite ignored="0" hostname="Lav-Gupta.domain.name" failures="1" tests="1" name="Default test(failed)(failed)(failed)(failed)(failed)(failed)" time="2.573" errors="0" timestamp="24 Jun 2020 12:43:01 GMT">
  <testcase classname="com.crm.qa.testcases.NdtvWeatherVerification" name="verifyWeatherOnPage" time="2.545">
    <failure type="java.lang.ClassCastException" message="class java.lang.Float cannot be cast to class java.lang.String (java.lang.Float and java.lang.String are in module java.base of loader &amp;apos;bootstrap&amp;apos;)">
      <![CDATA[java.lang.ClassCastException: class java.lang.Float cannot be cast to class java.lang.String (java.lang.Float and java.lang.String are in module java.base of loader 'bootstrap')
	at com.crm.qa.testcases.ApiDemo.fetchCityWeatherViaApi(ApiDemo.java:64)
	at com.crm.qa.testcases.NdtvWeatherVerification.verifyWeatherOnPage(NdtvWeatherVerification.java:41)
... Removed 25 stack frames]]>
    </failure>
  </testcase> <!-- verifyWeatherOnPage -->
</testsuite> <!-- Default test(failed)(failed)(failed)(failed)(failed)(failed) -->
