<?xml version="1.0" encoding="UTF-8"?>
<!-- Generated by org.testng.reporters.JUnitXMLReporter -->
<testsuite ignored="0" hostname="Lav-Gupta.local" failures="0" tests="2" name="Default test" time="134.466" errors="0" timestamp="30 Jul 2020 11:41:31 GMT">
  <testcase classname="com.qa.testcases.AppiumDemo" name="loginIntoApplicationViaEmail" time="16.894"/>
  <testcase classname="com.qa.testcases.AppiumDemo" name="VerifyDesiredProductDetailsOnCheckoutPage" time="94.072"/>
</testsuite> <!-- Default test -->
