<?xml version="1.0" encoding="UTF-8"?>
<!-- Generated by org.testng.reporters.JUnitXMLReporter -->
<testsuite ignored="0" hostname="Lav-Gupta.domain.name" failures="2" tests="2" name="Demo Test Cases" time="36.742" errors="0" timestamp="28 Jun 2020 12:10:23 GMT">
  <testcase classname="com.crm.qa.testcases.NdtvWeatherVerification" name="verifyWeatherDefaultCityOnPage" time="4.706">
    <failure type="java.lang.AssertionError" message="The following asserts failed:
	Humidity is not matched, difference found more then 5 expected [true] but found [false]">
      <![CDATA[java.lang.AssertionError: The following asserts failed:
	Humidity is not matched, difference found more then 5 expected [true] but found [false]
	at com.crm.qa.testcases.ApiDemo.validateWeatherData(ApiDemo.java:88)
	at com.crm.qa.testcases.NdtvWeatherVerification.verifyWeatherDefaultCityOnPage(NdtvWeatherVerification.java:40)
... Removed 26 stack frames]]>
    </failure>
  </testcase> <!-- verifyWeatherDefaultCityOnPage -->
  <testcase classname="com.crm.qa.testcases.NdtvWeatherVerification" name="verifyWeatherSearchByCityOnPage" time="26.668">
    <failure type="java.lang.AssertionError" message="The following asserts failed:
	Temp in Degrees is not matched, difference found more then 5 expected [true] but found [false],
	Temp in Fahrenheit is not matched, difference found more then 5 expected [true] but found [false],
	Humidity is not matched, difference found more then 5 expected [true] but found [false]">
      <![CDATA[java.lang.AssertionError: The following asserts failed:
	Temp in Degrees is not matched, difference found more then 5 expected [true] but found [false],
	Temp in Fahrenheit is not matched, difference found more then 5 expected [true] but found [false],
	Humidity is not matched, difference found more then 5 expected [true] but found [false]
	at com.crm.qa.testcases.ApiDemo.validateWeatherData(ApiDemo.java:88)
	at com.crm.qa.testcases.NdtvWeatherVerification.verifyWeatherSearchByCityOnPage(NdtvWeatherVerification.java:47)
... Removed 26 stack frames]]>
    </failure>
  </testcase> <!-- verifyWeatherSearchByCityOnPage -->
</testsuite> <!-- Demo Test Cases -->
