<?xml version="1.0" encoding="UTF-8"?>
<!-- Generated by org.testng.reporters.JUnitXMLReporter -->
<testsuite ignored="0" hostname="Lav-Gupta.local" failures="0" tests="2" name="Demo Test Cases" time="94.155" errors="0" timestamp="30 Jul 2020 11:47:50 GMT">
  <testcase classname="com.qa.testcases.AppiumDemo" name="loginIntoApplicationViaEmail" time="18.85"/>
  <testcase classname="com.qa.testcases.AppiumDemo" name="VerifyDesiredProductDetailsOnCheckoutPage" time="52.849"/>
</testsuite> <!-- Demo Test Cases -->
