<?xml version="1.0" encoding="UTF-8"?>
<!-- Generated by org.testng.reporters.JUnitXMLReporter -->
<testsuite ignored="0" hostname="Lav-Gupta.local" failures="1" tests="1" name="NDTV Demo Test Cases" time="18.565" errors="0" timestamp="19 Jun 2020 08:19:11 GMT">
  <testcase classname="com.crm.qa.testcases.NdtvhrefVerification" name="verifyHomePageTitleTest" time="12.128">
    <failure type="java.lang.AssertionError" message="Business on the top level menu and the bottom level menu href mismatched expected [https://www.ndtv.com/business?pfrom=home-footer] but found [https://www.ndtv.com/business?pfrom=home-header-globalnav2018]">
      <![CDATA[java.lang.AssertionError: Business on the top level menu and the bottom level menu href mismatched expected [https://www.ndtv.com/business?pfrom=home-footer] but found [https://www.ndtv.com/business?pfrom=home-header-globalnav2018]
	at com.crm.qa.testcases.NdtvhrefVerification.verifyHomePageTitleTest(NdtvhrefVerification.java:44)
... Removed 30 stack frames]]>
    </failure>
  </testcase> <!-- verifyHomePageTitleTest -->
</testsuite> <!-- NDTV Demo Test Cases -->
