<?xml version="1.0" encoding="UTF-8"?>
<!-- Generated by org.testng.reporters.JUnitXMLReporter -->
<testsuite ignored="0" hostname="Lav-Gupta.domain.name" failures="1" tests="1" name="Default test(failed)(failed)(failed)(failed)(failed)" time="1.786" errors="0" timestamp="24 Jun 2020 12:42:00 GMT">
  <testcase classname="com.crm.qa.testcases.NdtvWeatherVerification" name="verifyWeatherOnPage" time="1.758">
    <failure type="java.lang.NumberFormatException" message="For input string: &amp;quot;301.95&amp;quot;">
      <![CDATA[java.lang.NumberFormatException: For input string: "301.95"
	at java.base/java.lang.NumberFormatException.forInputString(NumberFormatException.java:68)
	at java.base/java.lang.Integer.parseInt(Integer.java:652)
	at java.base/java.lang.Integer.parseInt(Integer.java:770)
	at com.crm.qa.testcases.ApiDemo.fetchCityWeatherViaApi(ApiDemo.java:64)
	at com.crm.qa.testcases.NdtvWeatherVerification.verifyWeatherOnPage(NdtvWeatherVerification.java:41)
... Removed 25 stack frames]]>
    </failure>
  </testcase> <!-- verifyWeatherOnPage -->
</testsuite> <!-- Default test(failed)(failed)(failed)(failed)(failed) -->
