<?xml version="1.0" encoding="UTF-8"?>
<!-- Generated by org.testng.reporters.JUnitXMLReporter -->
<testsuite ignored="0" hostname="Lav-Gupta.local" failures="0" tests="1" name="Default test(failed)(failed)(failed)(failed)(failed)(failed)(failed)(failed)(failed)(failed)" time="8.346" errors="0" timestamp="24 Jun 2020 13:17:52 GMT">
  <testcase classname="com.crm.qa.testcases.NdtvWeatherVerification" name="verifyWeatherOnPage" time="4.236"/>
</testsuite> <!-- Default test(failed)(failed)(failed)(failed)(failed)(failed)(failed)(failed)(failed)(failed) -->
