<?xml version="1.0" encoding="UTF-8"?>
<testng-results ignored="0" total="2" passed="2" failed="0" skipped="0">
  <reporter-output>
  </reporter-output>
  <suite started-at="2020-07-30T11:46:16Z" name="INFO GLEN Test Automation Test Suite" finished-at="2020-07-30T11:47:50Z" duration-ms="94155">
    <groups>
    </groups>
    <test started-at="2020-07-30T11:46:16Z" name="Demo Test Cases" finished-at="2020-07-30T11:47:50Z" duration-ms="94155">
      <class name="com.qa.testcases.AppiumDemo">
        <test-method is-config="true" signature="setUp()[pri:0, instance:com.qa.testcases.AppiumDemo@12e61fe6]" started-at="2020-07-30T17:16:16Z" name="setUp" finished-at="2020-07-30T17:16:38Z" duration-ms="22428" status="PASS">
          <reporter-output>
          </reporter-output>
        </test-method> <!-- setUp -->
        <test-method signature="loginIntoApplicationViaEmail()[pri:0, instance:com.qa.testcases.AppiumDemo@12e61fe6]" started-at="2020-07-30T17:16:38Z" name="loginIntoApplicationViaEmail" finished-at="2020-07-30T17:16:57Z" duration-ms="18850" status="PASS">
          <reporter-output>
          </reporter-output>
        </test-method> <!-- loginIntoApplicationViaEmail -->
        <test-method signature="VerifyDesiredProductDetailsOnCheckoutPage()[pri:0, instance:com.qa.testcases.AppiumDemo@12e61fe6]" started-at="2020-07-30T17:16:57Z" name="VerifyDesiredProductDetailsOnCheckoutPage" finished-at="2020-07-30T17:17:50Z" depends-on-methods="com.qa.testcases.AppiumDemo.loginIntoApplicationViaEmail" duration-ms="52849" status="PASS">
          <reporter-output>
          </reporter-output>
        </test-method> <!-- VerifyDesiredProductDetailsOnCheckoutPage -->
        <test-method is-config="true" signature="tearDown()[pri:0, instance:com.qa.testcases.AppiumDemo@12e61fe6]" started-at="2020-07-30T17:17:50Z" name="tearDown" finished-at="2020-07-30T17:17:50Z" duration-ms="1" status="PASS">
          <reporter-output>
          </reporter-output>
        </test-method> <!-- tearDown -->
      </class> <!-- com.qa.testcases.AppiumDemo -->
    </test> <!-- Demo Test Cases -->
  </suite> <!-- INFO GLEN Test Automation Test Suite -->
</testng-results>
